[0.670s] Invoking command in '/shared-folder/ManchesterChallenges/ros2_ws/src/signal_processing': PYTHONPATH=/shared-folder/ManchesterChallenges/ros2_ws/build/signal_processing/prefix_override:/usr/lib/python3/dist-packages/colcon_core/task/python/colcon_distutils_commands:/shared-folder/ManchesterChallenges/ros2_ws/install/signal_processing/lib/python3.10/site-packages:${PYTHONPATH} /usr/bin/python3 -W ignore:setup.py install is deprecated -W ignore:easy_install command is deprecated setup.py egg_info --egg-base ../../build/signal_processing build --build-base /shared-folder/ManchesterChallenges/ros2_ws/build/signal_processing/build install --record /shared-folder/ManchesterChallenges/ros2_ws/build/signal_processing/install.log --single-version-externally-managed install_data
[0.911s] running egg_info
[0.912s] writing ../../build/signal_processing/signal_processing.egg-info/PKG-INFO
[0.913s] writing dependency_links to ../../build/signal_processing/signal_processing.egg-info/dependency_links.txt
[0.913s] writing entry points to ../../build/signal_processing/signal_processing.egg-info/entry_points.txt
[0.913s] writing requirements to ../../build/signal_processing/signal_processing.egg-info/requires.txt
[0.913s] writing top-level names to ../../build/signal_processing/signal_processing.egg-info/top_level.txt
[0.916s] reading manifest file '../../build/signal_processing/signal_processing.egg-info/SOURCES.txt'
[0.917s] writing manifest file '../../build/signal_processing/signal_processing.egg-info/SOURCES.txt'
[0.917s] running build
[0.917s] running build_py
[0.917s] copying signal_processing/signal_generator.py -> /shared-folder/ManchesterChallenges/ros2_ws/build/signal_processing/build/lib/signal_processing
[0.918s] running install
[0.918s] running install_lib
[0.919s] copying /shared-folder/ManchesterChallenges/ros2_ws/build/signal_processing/build/lib/signal_processing/signal_generator.py -> /shared-folder/ManchesterChallenges/ros2_ws/install/signal_processing/lib/python3.10/site-packages/signal_processing
[0.920s] byte-compiling /shared-folder/ManchesterChallenges/ros2_ws/install/signal_processing/lib/python3.10/site-packages/signal_processing/signal_generator.py to signal_generator.cpython-310.pyc
[0.921s]   File "/shared-folder/ManchesterChallenges/ros2_ws/install/signal_processing/lib/python3.10/site-packages/signal_processing/signal_generator.py", line 18
[0.921s]     10
[0.921s]     ^^
[0.921s] SyntaxError: invalid syntax
[0.921s] 
[0.921s] running install_data
[0.921s] running install_egg_info
[0.926s] removing '/shared-folder/ManchesterChallenges/ros2_ws/install/signal_processing/lib/python3.10/site-packages/signal_processing-0.0.0-py3.10.egg-info' (and everything under it)
[0.926s] Copying ../../build/signal_processing/signal_processing.egg-info to /shared-folder/ManchesterChallenges/ros2_ws/install/signal_processing/lib/python3.10/site-packages/signal_processing-0.0.0-py3.10.egg-info
[0.927s] running install_scripts
[0.961s] Installing signal_generator script to /shared-folder/ManchesterChallenges/ros2_ws/install/signal_processing/lib/signal_processing
[0.962s] writing list of installed files to '/shared-folder/ManchesterChallenges/ros2_ws/build/signal_processing/install.log'
[0.997s] Invoked command in '/shared-folder/ManchesterChallenges/ros2_ws/src/signal_processing' returned '0': PYTHONPATH=/shared-folder/ManchesterChallenges/ros2_ws/build/signal_processing/prefix_override:/usr/lib/python3/dist-packages/colcon_core/task/python/colcon_distutils_commands:/shared-folder/ManchesterChallenges/ros2_ws/install/signal_processing/lib/python3.10/site-packages:${PYTHONPATH} /usr/bin/python3 -W ignore:setup.py install is deprecated -W ignore:easy_install command is deprecated setup.py egg_info --egg-base ../../build/signal_processing build --build-base /shared-folder/ManchesterChallenges/ros2_ws/build/signal_processing/build install --record /shared-folder/ManchesterChallenges/ros2_ws/build/signal_processing/install.log --single-version-externally-managed install_data
