[0.708s] Invoking command in '/shared-folder/ManchesterChallenges/ros2_ws/src/signal_processing': PYTHONPATH=/shared-folder/ManchesterChallenges/ros2_ws/build/signal_processing/prefix_override:/usr/lib/python3/dist-packages/colcon_core/task/python/colcon_distutils_commands:/shared-folder/ManchesterChallenges/ros2_ws/install/signal_processing/lib/python3.10/site-packages:${PYTHONPATH} /usr/bin/python3 -W ignore:setup.py install is deprecated -W ignore:easy_install command is deprecated setup.py egg_info --egg-base ../../build/signal_processing build --build-base /shared-folder/ManchesterChallenges/ros2_ws/build/signal_processing/build install --record /shared-folder/ManchesterChallenges/ros2_ws/build/signal_processing/install.log --single-version-externally-managed install_data
[0.948s] running egg_info
[0.949s] writing ../../build/signal_processing/signal_processing.egg-info/PKG-INFO
[0.949s] writing dependency_links to ../../build/signal_processing/signal_processing.egg-info/dependency_links.txt
[0.950s] writing entry points to ../../build/signal_processing/signal_processing.egg-info/entry_points.txt
[0.950s] writing requirements to ../../build/signal_processing/signal_processing.egg-info/requires.txt
[0.950s] writing top-level names to ../../build/signal_processing/signal_processing.egg-info/top_level.txt
[0.952s] reading manifest file '../../build/signal_processing/signal_processing.egg-info/SOURCES.txt'
[0.953s] writing manifest file '../../build/signal_processing/signal_processing.egg-info/SOURCES.txt'
[0.954s] running build
[0.954s] running build_py
[0.954s] running install
[0.954s] running install_lib
[0.956s] running install_data
[0.956s] running install_egg_info
[0.960s] removing '/shared-folder/ManchesterChallenges/ros2_ws/install/signal_processing/lib/python3.10/site-packages/signal_processing-0.0.0-py3.10.egg-info' (and everything under it)
[0.961s] Copying ../../build/signal_processing/signal_processing.egg-info to /shared-folder/ManchesterChallenges/ros2_ws/install/signal_processing/lib/python3.10/site-packages/signal_processing-0.0.0-py3.10.egg-info
[0.961s] running install_scripts
[0.989s] Installing signal_generator script to /shared-folder/ManchesterChallenges/ros2_ws/install/signal_processing/lib/signal_processing
[0.990s] writing list of installed files to '/shared-folder/ManchesterChallenges/ros2_ws/build/signal_processing/install.log'
[1.028s] Invoked command in '/shared-folder/ManchesterChallenges/ros2_ws/src/signal_processing' returned '0': PYTHONPATH=/shared-folder/ManchesterChallenges/ros2_ws/build/signal_processing/prefix_override:/usr/lib/python3/dist-packages/colcon_core/task/python/colcon_distutils_commands:/shared-folder/ManchesterChallenges/ros2_ws/install/signal_processing/lib/python3.10/site-packages:${PYTHONPATH} /usr/bin/python3 -W ignore:setup.py install is deprecated -W ignore:easy_install command is deprecated setup.py egg_info --egg-base ../../build/signal_processing build --build-base /shared-folder/ManchesterChallenges/ros2_ws/build/signal_processing/build install --record /shared-folder/ManchesterChallenges/ros2_ws/build/signal_processing/install.log --single-version-externally-managed install_data
