[0.946s] Invoking command in '/shared-folder/ManchesterChallenges/ros2_ws/src/signal_processing': PYTHONPATH=/shared-folder/ManchesterChallenges/ros2_ws/build/signal_processing/prefix_override:/usr/lib/python3/dist-packages/colcon_core/task/python/colcon_distutils_commands:/shared-folder/ManchesterChallenges/ros2_ws/install/signal_processing/lib/python3.10/site-packages:${PYTHONPATH} /usr/bin/python3 -W ignore:setup.py install is deprecated -W ignore:easy_install command is deprecated setup.py egg_info --egg-base ../../build/signal_processing build --build-base /shared-folder/ManchesterChallenges/ros2_ws/build/signal_processing/build install --record /shared-folder/ManchesterChallenges/ros2_ws/build/signal_processing/install.log --single-version-externally-managed install_data
[1.270s] running egg_info
[1.271s] writing ../../build/signal_processing/signal_processing.egg-info/PKG-INFO
[1.271s] writing dependency_links to ../../build/signal_processing/signal_processing.egg-info/dependency_links.txt
[1.271s] writing entry points to ../../build/signal_processing/signal_processing.egg-info/entry_points.txt
[1.271s] writing requirements to ../../build/signal_processing/signal_processing.egg-info/requires.txt
[1.271s] writing top-level names to ../../build/signal_processing/signal_processing.egg-info/top_level.txt
[1.274s] reading manifest file '../../build/signal_processing/signal_processing.egg-info/SOURCES.txt'
[1.275s] writing manifest file '../../build/signal_processing/signal_processing.egg-info/SOURCES.txt'
[1.275s] running build
[1.275s] running build_py
[1.276s] copying signal_processing/signal_generator.py -> /shared-folder/ManchesterChallenges/ros2_ws/build/signal_processing/build/lib/signal_processing
[1.276s] running install
[1.276s] running install_lib
[1.278s] copying /shared-folder/ManchesterChallenges/ros2_ws/build/signal_processing/build/lib/signal_processing/signal_generator.py -> /shared-folder/ManchesterChallenges/ros2_ws/install/signal_processing/lib/python3.10/site-packages/signal_processing
[1.279s] byte-compiling /shared-folder/ManchesterChallenges/ros2_ws/install/signal_processing/lib/python3.10/site-packages/signal_processing/signal_generator.py to signal_generator.cpython-310.pyc
[1.280s] running install_data
[1.281s] running install_egg_info
[1.285s] removing '/shared-folder/ManchesterChallenges/ros2_ws/install/signal_processing/lib/python3.10/site-packages/signal_processing-0.0.0-py3.10.egg-info' (and everything under it)
[1.286s] Copying ../../build/signal_processing/signal_processing.egg-info to /shared-folder/ManchesterChallenges/ros2_ws/install/signal_processing/lib/python3.10/site-packages/signal_processing-0.0.0-py3.10.egg-info
[1.287s] running install_scripts
[1.319s] Installing signal_generator script to /shared-folder/ManchesterChallenges/ros2_ws/install/signal_processing/lib/signal_processing
[1.319s] writing list of installed files to '/shared-folder/ManchesterChallenges/ros2_ws/build/signal_processing/install.log'
[1.361s] Invoked command in '/shared-folder/ManchesterChallenges/ros2_ws/src/signal_processing' returned '0': PYTHONPATH=/shared-folder/ManchesterChallenges/ros2_ws/build/signal_processing/prefix_override:/usr/lib/python3/dist-packages/colcon_core/task/python/colcon_distutils_commands:/shared-folder/ManchesterChallenges/ros2_ws/install/signal_processing/lib/python3.10/site-packages:${PYTHONPATH} /usr/bin/python3 -W ignore:setup.py install is deprecated -W ignore:easy_install command is deprecated setup.py egg_info --egg-base ../../build/signal_processing build --build-base /shared-folder/ManchesterChallenges/ros2_ws/build/signal_processing/build install --record /shared-folder/ManchesterChallenges/ros2_ws/build/signal_processing/install.log --single-version-externally-managed install_data
