running egg_info
creating ../../build/signal_processing/signal_processing.egg-info
writing ../../build/signal_processing/signal_processing.egg-info/PKG-INFO
writing dependency_links to ../../build/signal_processing/signal_processing.egg-info/dependency_links.txt
writing entry points to ../../build/signal_processing/signal_processing.egg-info/entry_points.txt
writing requirements to ../../build/signal_processing/signal_processing.egg-info/requires.txt
writing top-level names to ../../build/signal_processing/signal_processing.egg-info/top_level.txt
writing manifest file '../../build/signal_processing/signal_processing.egg-info/SOURCES.txt'
reading manifest file '../../build/signal_processing/signal_processing.egg-info/SOURCES.txt'
writing manifest file '../../build/signal_processing/signal_processing.egg-info/SOURCES.txt'
running build
running build_py
creating /shared-folder/ManchesterChallenges/ros2_ws/build/signal_processing/build
creating /shared-folder/ManchesterChallenges/ros2_ws/build/signal_processing/build/lib
creating /shared-folder/ManchesterChallenges/ros2_ws/build/signal_processing/build/lib/signal_processing
copying signal_processing/__init__.py -> /shared-folder/ManchesterChallenges/ros2_ws/build/signal_processing/build/lib/signal_processing
copying signal_processing/signal_generator.py -> /shared-folder/ManchesterChallenges/ros2_ws/build/signal_processing/build/lib/signal_processing
running install
running install_lib
creating /shared-folder/ManchesterChallenges/ros2_ws/install/signal_processing/lib/python3.10/site-packages/signal_processing
copying /shared-folder/ManchesterChallenges/ros2_ws/build/signal_processing/build/lib/signal_processing/__init__.py -> /shared-folder/ManchesterChallenges/ros2_ws/install/signal_processing/lib/python3.10/site-packages/signal_processing
copying /shared-folder/ManchesterChallenges/ros2_ws/build/signal_processing/build/lib/signal_processing/signal_generator.py -> /shared-folder/ManchesterChallenges/ros2_ws/install/signal_processing/lib/python3.10/site-packages/signal_processing
byte-compiling /shared-folder/ManchesterChallenges/ros2_ws/install/signal_processing/lib/python3.10/site-packages/signal_processing/__init__.py to __init__.cpython-310.pyc
byte-compiling /shared-folder/ManchesterChallenges/ros2_ws/install/signal_processing/lib/python3.10/site-packages/signal_processing/signal_generator.py to signal_generator.cpython-310.pyc
running install_data
creating /shared-folder/ManchesterChallenges/ros2_ws/install/signal_processing/share/ament_index
creating /shared-folder/ManchesterChallenges/ros2_ws/install/signal_processing/share/ament_index/resource_index
creating /shared-folder/ManchesterChallenges/ros2_ws/install/signal_processing/share/ament_index/resource_index/packages
copying resource/signal_processing -> /shared-folder/ManchesterChallenges/ros2_ws/install/signal_processing/share/ament_index/resource_index/packages
copying package.xml -> /shared-folder/ManchesterChallenges/ros2_ws/install/signal_processing/share/signal_processing
running install_egg_info
Copying ../../build/signal_processing/signal_processing.egg-info to /shared-folder/ManchesterChallenges/ros2_ws/install/signal_processing/lib/python3.10/site-packages/signal_processing-0.0.0-py3.10.egg-info
running install_scripts
Installing signal_generator script to /shared-folder/ManchesterChallenges/ros2_ws/install/signal_processing/lib/signal_processing
writing list of installed files to '/shared-folder/ManchesterChallenges/ros2_ws/build/signal_processing/install.log'
