[0.746s] Invoking command in '/shared-folder/ManchesterChallenges/ros2_ws/src/signal_processing': PYTHONPATH=/shared-folder/ManchesterChallenges/ros2_ws/build/signal_processing/prefix_override:/usr/lib/python3/dist-packages/colcon_core/task/python/colcon_distutils_commands:/shared-folder/ManchesterChallenges/ros2_ws/install/signal_processing/lib/python3.10/site-packages:${PYTHONPATH} /usr/bin/python3 -W ignore:setup.py install is deprecated -W ignore:easy_install command is deprecated setup.py egg_info --egg-base ../../build/signal_processing build --build-base /shared-folder/ManchesterChallenges/ros2_ws/build/signal_processing/build install --record /shared-folder/ManchesterChallenges/ros2_ws/build/signal_processing/install.log --single-version-externally-managed install_data
[0.982s] running egg_info
[0.983s] creating ../../build/signal_processing/signal_processing.egg-info
[0.983s] writing ../../build/signal_processing/signal_processing.egg-info/PKG-INFO
[0.983s] writing dependency_links to ../../build/signal_processing/signal_processing.egg-info/dependency_links.txt
[0.984s] writing entry points to ../../build/signal_processing/signal_processing.egg-info/entry_points.txt
[0.984s] writing requirements to ../../build/signal_processing/signal_processing.egg-info/requires.txt
[0.984s] writing top-level names to ../../build/signal_processing/signal_processing.egg-info/top_level.txt
[0.984s] writing manifest file '../../build/signal_processing/signal_processing.egg-info/SOURCES.txt'
[0.985s] reading manifest file '../../build/signal_processing/signal_processing.egg-info/SOURCES.txt'
[0.986s] writing manifest file '../../build/signal_processing/signal_processing.egg-info/SOURCES.txt'
[0.987s] running build
[0.987s] running build_py
[0.987s] creating /shared-folder/ManchesterChallenges/ros2_ws/build/signal_processing/build
[0.987s] creating /shared-folder/ManchesterChallenges/ros2_ws/build/signal_processing/build/lib
[0.987s] creating /shared-folder/ManchesterChallenges/ros2_ws/build/signal_processing/build/lib/signal_processing
[0.987s] copying signal_processing/__init__.py -> /shared-folder/ManchesterChallenges/ros2_ws/build/signal_processing/build/lib/signal_processing
[0.987s] copying signal_processing/signal_generator.py -> /shared-folder/ManchesterChallenges/ros2_ws/build/signal_processing/build/lib/signal_processing
[0.988s] running install
[0.988s] running install_lib
[0.989s] creating /shared-folder/ManchesterChallenges/ros2_ws/install/signal_processing/lib/python3.10/site-packages/signal_processing
[0.989s] copying /shared-folder/ManchesterChallenges/ros2_ws/build/signal_processing/build/lib/signal_processing/__init__.py -> /shared-folder/ManchesterChallenges/ros2_ws/install/signal_processing/lib/python3.10/site-packages/signal_processing
[0.989s] copying /shared-folder/ManchesterChallenges/ros2_ws/build/signal_processing/build/lib/signal_processing/signal_generator.py -> /shared-folder/ManchesterChallenges/ros2_ws/install/signal_processing/lib/python3.10/site-packages/signal_processing
[0.989s] byte-compiling /shared-folder/ManchesterChallenges/ros2_ws/install/signal_processing/lib/python3.10/site-packages/signal_processing/__init__.py to __init__.cpython-310.pyc
[0.990s] byte-compiling /shared-folder/ManchesterChallenges/ros2_ws/install/signal_processing/lib/python3.10/site-packages/signal_processing/signal_generator.py to signal_generator.cpython-310.pyc
[0.990s] running install_data
[0.991s] creating /shared-folder/ManchesterChallenges/ros2_ws/install/signal_processing/share/ament_index
[0.991s] creating /shared-folder/ManchesterChallenges/ros2_ws/install/signal_processing/share/ament_index/resource_index
[0.991s] creating /shared-folder/ManchesterChallenges/ros2_ws/install/signal_processing/share/ament_index/resource_index/packages
[0.991s] copying resource/signal_processing -> /shared-folder/ManchesterChallenges/ros2_ws/install/signal_processing/share/ament_index/resource_index/packages
[0.991s] copying package.xml -> /shared-folder/ManchesterChallenges/ros2_ws/install/signal_processing/share/signal_processing
[0.991s] running install_egg_info
[0.995s] Copying ../../build/signal_processing/signal_processing.egg-info to /shared-folder/ManchesterChallenges/ros2_ws/install/signal_processing/lib/python3.10/site-packages/signal_processing-0.0.0-py3.10.egg-info
[0.996s] running install_scripts
[1.026s] Installing signal_generator script to /shared-folder/ManchesterChallenges/ros2_ws/install/signal_processing/lib/signal_processing
[1.027s] writing list of installed files to '/shared-folder/ManchesterChallenges/ros2_ws/build/signal_processing/install.log'
[1.074s] Invoked command in '/shared-folder/ManchesterChallenges/ros2_ws/src/signal_processing' returned '0': PYTHONPATH=/shared-folder/ManchesterChallenges/ros2_ws/build/signal_processing/prefix_override:/usr/lib/python3/dist-packages/colcon_core/task/python/colcon_distutils_commands:/shared-folder/ManchesterChallenges/ros2_ws/install/signal_processing/lib/python3.10/site-packages:${PYTHONPATH} /usr/bin/python3 -W ignore:setup.py install is deprecated -W ignore:easy_install command is deprecated setup.py egg_info --egg-base ../../build/signal_processing build --build-base /shared-folder/ManchesterChallenges/ros2_ws/build/signal_processing/build install --record /shared-folder/ManchesterChallenges/ros2_ws/build/signal_processing/install.log --single-version-externally-managed install_data
